MPASM 5.68  /HOME/EDWTRON/MICROSPIC/ONOFF16F   10-18-2016  21:42:25         PAGE  1


LOC  OBJECT CODE     LINE SOURCE TEXT
  VALUE

                      00001 ; TODO INSERT CONFIG CODE HERE USING CONFIG BITS GENERATOR
                      00002 
                      00003     
                      00004     #include "p16f88.inc"
                      00001         LIST
                      00002 
                      00003 ;==========================================================================
                      00004 ; Build date : May 15 2016
                      00005 ;  MPASM PIC16F88 processor include
                      00006 ; 
                      00007 ;  (c) Copyright 1999-2016 Microchip Technology, All rights reserved
                      00008 ;==========================================================================
                      00009 
                      00550         LIST
                      00005 
                      00006 ; CONFIG1
                      00007 ; __config 0xFF50
2007   3F50           00008     __CONFIG _CONFIG1, _FOSC_INTOSCIO & _WDTE_OFF & _PWRTE_ON & _MCLRE_OFF & _BOREN_ON & _LVP_OFF & _CPD
                            _OFF & _WRT_OFF & _CCPMX_RB0 & _CP_OFF
                      00009 ; CONFIG2
                      00010 ; __config 0xFFFC
2008   3FFC           00011     __CONFIG _CONFIG2, _FCMEN_OFF & _IESO_OFF
                      00012     
                      00013     cblock  0X20
  00000020            00014         d1
  00000021            00015         d2
  00000022            00016         d3
                      00017         endc
                      00018     
                      00019 RES_VECT  CODE    0x0000            ; processor reset vector
                      00020   
0000   2???           00021     GOTO    CONFIGURA                   ; go to beginning of program
                      00022 
                      00023 ; TODO ADD INTERRUPTS HERE IF USED
                      00024 
                      00025 MAIN_PROG CODE                      ; let linker place main program
                      00026  
                      00027  
0000                  00028 RET_1S                  ;999997 cycles
0000   3008           00029         movlw   0x08
0001   00A0           00030         movwf   d1
0002   302F           00031         movlw   0x2F
0003   00A1           00032         movwf   d2
0004   3003           00033         movlw   0x03
0005   00A2           00034         movwf   d3
0006                  00035 Delay_0
0006   0BA0           00036         decfsz  d1, f
0007   2???           00037         goto    $+2
0008   0BA1           00038         decfsz  d2, f
0009   2???           00039         goto    $+2
000A   0BA2           00040         decfsz  d3, f
000B   2???           00041         goto    Delay_0
                      00042 
MPASM 5.68  /HOME/EDWTRON/MICROSPIC/ONOFF16F   10-18-2016  21:42:25         PAGE  2


LOC  OBJECT CODE     LINE SOURCE TEXT
  VALUE

                      00043                         ;3 cycles
000C   2???           00044         goto    $+1
000D   0000           00045         nop
                      00046 
000E   0008           00047         RETURN
                      00048         
                      00049         
                      00050 
                      00051         
                      00052 
                      00053         
                      00054 
000F   0000           00055 CONFIGURA       NOP
0010   1683 1303      00056     BANKSEL    ADCON1
Message[302]: Register in operand not in bank 0.  Ensure that bank bits are correct.
0012   019B           00057     CLRF           ANSEL
0013   306C           00058     MOVLW B'01101100'
Message[302]: Register in operand not in bank 0.  Ensure that bank bits are correct.
0014   008F           00059     MOVWF OSCCON
Message[302]: Register in operand not in bank 0.  Ensure that bank bits are correct.
0015   0185           00060     CLRF          TRISA
Message[302]: Register in operand not in bank 0.  Ensure that bank bits are correct.
0016   0186           00061     CLRF          TRISB
                      00062  
0017   1283 1303      00063     BANKSEL    PORTB
0019   0185           00064     CLRF           PORTA
001A   0186           00065     CLRF           PORTB   
                      00066  
                      00067   
                      00068 
001B   0000           00069 INICIO        NOP
001C   1505           00070     BSF     PORTA,2
001D   2???           00071     CALL    RET_1S
001E   1105           00072     BCF     PORTA,2
001F   2???           00073     CALL    RET_1S
                      00074     
0020   2???           00075     GOTO     INICIO   
                      00076 
                      00077    
3F50 3FFC             00078     END
MPASM 5.68  /HOME/EDWTRON/MICROSPIC/ONOFF16F   10-18-2016  21:42:25         PAGE  3


SYMBOL TABLE
  LABEL                             VALUE 

ADCON0                            0000001F
ADCON1                            0000009F
ADCS0                             00000006
ADCS1                             00000007
ADCS2                             00000006
ADDEN                             00000003
ADFM                              00000007
ADIE                              00000006
ADIF                              00000006
ADON                              00000000
ADRESH                            0000001E
ADRESL                            0000009E
ANS0                              00000000
ANS1                              00000001
ANS2                              00000002
ANS3                              00000003
ANS4                              00000004
ANS5                              00000005
ANS6                              00000006
ANSEL                             0000009B
BF                                00000000
BRGH                              00000002
C                                 00000000
C1INV                             00000004
C1OUT                             00000006
C2INV                             00000005
C2OUT                             00000007
CCP1CON                           00000017
CCP1IE                            00000002
CCP1IF                            00000002
CCP1M0                            00000000
CCP1M1                            00000001
CCP1M2                            00000002
CCP1M3                            00000003
CCP1X                             00000005
CCP1Y                             00000004
CCPR1                             00000015
CCPR1H                            00000016
CCPR1L                            00000015
CHS0                              00000003
CHS1                              00000004
CHS2                              00000005
CIS                               00000003
CKE                               00000006
CKP                               00000004
CM0                               00000000
CM1                               00000001
CM2                               00000002
CMCON                             0000009C
CMIE                              00000006
CMIF                              00000006
CONFIGURA                         0000000F
CREN                              00000004
MPASM 5.68  /HOME/EDWTRON/MICROSPIC/ONOFF16F   10-18-2016  21:42:25         PAGE  4


SYMBOL TABLE
  LABEL                             VALUE 

CSRC                              00000007
CVR0                              00000000
CVR1                              00000001
CVR2                              00000002
CVR3                              00000003
CVRCON                            0000009D
CVREN                             00000007
CVROE                             00000006
CVRR                              00000005
D                                 00000005
DATA_ADDRESS                      00000005
DC                                00000001
D_A                               00000005
D_NOT_A                           00000005
Delay_0                           00000006
EEADR                             0000010D
EEADRH                            0000010F
EECON1                            0000018C
EECON2                            0000018D
EEDATA                            0000010C
EEDATH                            0000010E
EEIE                              00000004
EEIF                              00000004
EEPGD                             00000007
F                                 00000001
FERR                              00000002
FREE                              00000004
FSR                               00000004
GIE                               00000007
GO                                00000002
GO_DONE                           00000002
GO_NOT_DONE                       00000002
I2C_DATA                          00000005
I2C_READ                          00000002
I2C_START                         00000003
I2C_STOP                          00000004
INDF                              00000000
INICIO                            0000001B
INT0IE                            00000004
INT0IF                            00000001
INTCON                            0000000B
INTE                              00000004
INTEDG                            00000006
INTF                              00000001
IOFS                              00000002
IRCF0                             00000004
IRCF1                             00000005
IRCF2                             00000006
IRP                               00000007
NOT_A                             00000005
NOT_ADDRESS                       00000005
NOT_BO                            00000000
NOT_BOR                           00000000
MPASM 5.68  /HOME/EDWTRON/MICROSPIC/ONOFF16F   10-18-2016  21:42:25         PAGE  5


SYMBOL TABLE
  LABEL                             VALUE 

NOT_DONE                          00000002
NOT_PD                            00000003
NOT_POR                           00000001
NOT_RBPU                          00000007
NOT_RC8                           00000006
NOT_T1SYNC                        00000002
NOT_TO                            00000004
NOT_TX8                           00000006
NOT_W                             00000002
NOT_WRITE                         00000002
OERR                              00000001
OPTION_REG                        00000081
OSCCON                            0000008F
OSCTUNE                           00000090
OSFIE                             00000007
OSFIF                             00000007
OSTS                              00000003
P                                 00000004
PCL                               00000002
PCLATH                            0000000A
PCON                              0000008E
PEIE                              00000006
PIE1                              0000008C
PIE2                              0000008D
PIR1                              0000000C
PIR2                              0000000D
PORTA                             00000005
PORTB                             00000006
PR2                               00000092
PS0                               00000000
PS1                               00000001
PS2                               00000002
PSA                               00000003
R                                 00000002
RA0                               00000000
RA1                               00000001
RA2                               00000002
RA3                               00000003
RA4                               00000004
RA5                               00000005
RA6                               00000006
RA7                               00000007
RB0                               00000000
RB1                               00000001
RB2                               00000002
RB3                               00000003
RB4                               00000004
RB5                               00000005
RB6                               00000006
RB7                               00000007
RBIE                              00000003
RBIF                              00000000
RC8_9                             00000006
MPASM 5.68  /HOME/EDWTRON/MICROSPIC/ONOFF16F   10-18-2016  21:42:25         PAGE  6


SYMBOL TABLE
  LABEL                             VALUE 

RC9                               00000006
RCD8                              00000000
RCIE                              00000005
RCIF                              00000005
RCREG                             0000001A
RCSTA                             00000018
RD                                00000000
READ_WRITE                        00000002
RET_1S                            00000000
RP0                               00000005
RP1                               00000006
RX9                               00000006
RX9D                              00000000
R_NOT_W                           00000002
R_W                               00000002
S                                 00000003
SCS0                              00000000
SCS1                              00000001
SMP                               00000007
SPBRG                             00000099
SPEN                              00000007
SREN                              00000005
SSPADD                            00000093
SSPBUF                            00000013
SSPCON                            00000014
SSPEN                             00000005
SSPIE                             00000003
SSPIF                             00000003
SSPM0                             00000000
SSPM1                             00000001
SSPM2                             00000002
SSPM3                             00000003
SSPOV                             00000006
SSPSTAT                           00000094
STATUS                            00000003
SWDTE                             00000000
SWDTEN                            00000000
SYNC                              00000004
T0CS                              00000005
T0SE                              00000004
T1CKPS0                           00000004
T1CKPS1                           00000005
T1CON                             00000010
T1INSYNC                          00000002
T1OSCEN                           00000003
T1RUN                             00000006
T2CKPS0                           00000000
T2CKPS1                           00000001
T2CON                             00000012
TMR0                              00000001
TMR0IE                            00000005
TMR0IF                            00000002
TMR1                              0000000E
MPASM 5.68  /HOME/EDWTRON/MICROSPIC/ONOFF16F   10-18-2016  21:42:25         PAGE  7


SYMBOL TABLE
  LABEL                             VALUE 

TMR1CS                            00000001
TMR1H                             0000000F
TMR1IE                            00000000
TMR1IF                            00000000
TMR1L                             0000000E
TMR1ON                            00000000
TMR2                              00000011
TMR2IE                            00000001
TMR2IF                            00000001
TMR2ON                            00000002
TOUTPS0                           00000003
TOUTPS1                           00000004
TOUTPS2                           00000005
TOUTPS3                           00000006
TRISA                             00000085
TRISA0                            00000000
TRISA1                            00000001
TRISA2                            00000002
TRISA3                            00000003
TRISA4                            00000004
TRISA5                            00000005
TRISA6                            00000006
TRISA7                            00000007
TRISB                             00000086
TRISB0                            00000000
TRISB1                            00000001
TRISB2                            00000002
TRISB3                            00000003
TRISB4                            00000004
TRISB5                            00000005
TRISB6                            00000006
TRISB7                            00000007
TRMT                              00000001
TUN0                              00000000
TUN1                              00000001
TUN2                              00000002
TUN3                              00000003
TUN4                              00000004
TUN5                              00000005
TX8_9                             00000006
TX9                               00000006
TX9D                              00000000
TXD8                              00000000
TXEN                              00000005
TXIE                              00000004
TXIF                              00000004
TXREG                             00000019
TXSTA                             00000098
UA                                00000001
VCFG0                             00000004
VCFG1                             00000005
W                                 00000000
WCOL                              00000007
MPASM 5.68  /HOME/EDWTRON/MICROSPIC/ONOFF16F   10-18-2016  21:42:25         PAGE  8


SYMBOL TABLE
  LABEL                             VALUE 

WDTCON                            00000105
WDTPS0                            00000001
WDTPS1                            00000002
WDTPS2                            00000003
WDTPS3                            00000004
WR                                00000001
WREN                              00000002
WRERR                             00000003
Z                                 00000002
_BODEN_OFF                        00003FBF
_BODEN_ON                         00003FFF
_BOREN_OFF                        00003FBF
_BOREN_ON                         00003FFF
_CCP1_RB0                         00003FFF
_CCP1_RB3                         00002FFF
_CCPMX_RB0                        00003FFF
_CCPMX_RB3                        00002FFF
_CONFIG1                          00002007
_CONFIG2                          00002008
_CPD_OFF                          00003FFF
_CPD_ON                           00003EFF
_CP_ALL                           00001FFF
_CP_OFF                           00003FFF
_CP_ON                            00001FFF
_DEBUG_OFF                        00003FFF
_DEBUG_ON                         000037FF
_DEVID1                           00002006
_EXTCLK                           00003FEF
_EXTRC_CLKOUT                     00003FFF
_EXTRC_IO                         00003FFE
_FCMEN_OFF                        00003FFE
_FCMEN_ON                         00003FFF
_FOSC_EC                          00003FEF
_FOSC_EXTRCCLK                    00003FFF
_FOSC_EXTRCIO                     00003FFE
_FOSC_HS                          00003FEE
_FOSC_INTOSCCLK                   00003FFD
_FOSC_INTOSCIO                    00003FFC
_FOSC_LP                          00003FEC
_FOSC_XT                          00003FED
_HS_OSC                           00003FEE
_IDLOC0                           00002000
_IDLOC1                           00002001
_IDLOC2                           00002002
_IDLOC3                           00002003
_IESO_OFF                         00003FFD
_IESO_ON                          00003FFF
_INTRC_CLKOUT                     00003FFD
_INTRC_IO                         00003FFC
_LP_OSC                           00003FEC
_LVP_OFF                          00003F7F
_LVP_ON                           00003FFF
_MAIN_PROG_0007                   00000007
MPASM 5.68  /HOME/EDWTRON/MICROSPIC/ONOFF16F   10-18-2016  21:42:25         PAGE  9


SYMBOL TABLE
  LABEL                             VALUE 

_MAIN_PROG_0009                   00000009
_MAIN_PROG_000C                   0000000C
_MCLRE_OFF                        00003FDF
_MCLRE_ON                         00003FFF
_MCLR_OFF                         00003FDF
_MCLR_ON                          00003FFF
_PWRTE_OFF                        00003FFF
_PWRTE_ON                         00003FF7
_WDTE_OFF                         00003FFB
_WDTE_ON                          00003FFF
_WDT_OFF                          00003FFB
_WDT_ON                           00003FFF
_WRT_2048                         00003BFF
_WRT_256                          00003DFF
_WRT_ALL                          000039FF
_WRT_OFF                          00003FFF
_WRT_PROTECT_2048                 00003BFF
_WRT_PROTECT_256                  00003DFF
_WRT_PROTECT_ALL                  000039FF
_WRT_PROTECT_OFF                  00003FFF
_XT_OSC                           00003FED
__16F88                           00000001
d1                                00000020
d2                                00000021
d3                                00000022

Errors   :     0
Warnings :     0 reported,     0 suppressed
Messages :     4 reported,     0 suppressed

